<?xml version="1.0" encoding="UTF-8"?>
<!-- Generated by org.testng.reporters.JUnitXMLReporter -->
<testsuite hostname="arinsark-ws" name="FirefoxTest" tests="1" failures="0" timestamp="5 Nov 2014 12:50:07 GMT" time="3.135" errors="0">
  <testcase name="@BeforeTest setUp" time="0.0" classname="com.ldlapp.modules.LDL_Requestor_TestCases">
    <failure type="java.lang.IndexOutOfBoundsException" message="Index: 0, Size: 0">
      <![CDATA[java.lang.IndexOutOfBoundsException: Index: 0, Size: 0
	at java.util.ArrayList.rangeCheck(ArrayList.java:635)
	at java.util.ArrayList.get(ArrayList.java:411)
	at com.ldlapp.modules.LDL_Requestor_TestCases.setUp(Unknown Source)
	at java.util.concurrent.FutureTask.run(FutureTask.java:262)
	at java.util.concurrent.ThreadPoolExecutor.runWorker(ThreadPoolExecutor.java:1145)
	at java.util.concurrent.ThreadPoolExecutor$Worker.run(ThreadPoolExecutor.java:615)
	at java.lang.Thread.run(Thread.java:744)
... Removed 14 stack frames]]>
    </failure>
  </testcase> <!-- @BeforeTest setUp -->
  <testcase name="@AfterTest tearDown" time="0.0" classname="com.ldlapp.modules.LDL_Requestor_TestCases">
    <skipped/>
  </testcase> <!-- @AfterTest tearDown -->
  <testcase name="testCaseExecution" time="0.0" classname="com.ldlapp.modules.LDL_Requestor_TestCases">
    <skipped/>
  </testcase> <!-- testCaseExecution -->
</testsuite> <!-- FirefoxTest -->
